2018-12-28 16:12:30 [scrapy.utils.log] INFO: Scrapy 1.3.3 started (bot: autohomeForum)
2018-12-28 16:12:30 [scrapy.utils.log] INFO: Overridden settings: {'BOT_NAME': 'autohomeForum', 'DOWNLOAD_DELAY': 5, 'DUPEFILTER_CLASS': 'scrapy_splash.SplashAwareDupeFilter', 'HTTPCACHE_STORAGE': 'scrapy_splash.SplashAwareFSCacheStorage', 'LOG_FILE': './log/forumSpider_2018_12_28.log', 'NEWSPIDER_MODULE': 'autohomeForum.spiders', 'SPIDER_MODULES': ['autohomeForum.spiders'], 'USER_AGENT': 'Mozilla/5.0 (Windows NT 10.0; Win64; x64) AppleWebKit/537.36 (KHTML, like Gecko) Chrome/69.0.3497.100 Safari/537.36'}
2018-12-28 16:12:31 [scrapy.middleware] INFO: Enabled extensions:
['scrapy.extensions.corestats.CoreStats',
 'scrapy.extensions.telnet.TelnetConsole',
 'scrapy.extensions.logstats.LogStats']
2018-12-28 16:12:31 [scrapy.middleware] INFO: Enabled downloader middlewares:
['autohomeForum.middlewares.ABProxyMiddleware',
 'scrapy.downloadermiddlewares.httpauth.HttpAuthMiddleware',
 'scrapy.downloadermiddlewares.downloadtimeout.DownloadTimeoutMiddleware',
 'scrapy.downloadermiddlewares.defaultheaders.DefaultHeadersMiddleware',
 'scrapy.downloadermiddlewares.useragent.UserAgentMiddleware',
 'autohomeForum.middlewares.RandomUserAgentMiddleware',
 'autohomeForum.middlewares.MyRetryMiddleware',
 'scrapy.downloadermiddlewares.redirect.MetaRefreshMiddleware',
 'scrapy.downloadermiddlewares.redirect.RedirectMiddleware',
 'scrapy.downloadermiddlewares.cookies.CookiesMiddleware',
 'scrapy_splash.SplashCookiesMiddleware',
 'scrapy_splash.SplashMiddleware',
 'scrapy.downloadermiddlewares.httpproxy.HttpProxyMiddleware',
 'scrapy.downloadermiddlewares.httpcompression.HttpCompressionMiddleware',
 'scrapy.downloadermiddlewares.stats.DownloaderStats']
2018-12-28 16:12:31 [scrapy.middleware] INFO: Enabled spider middlewares:
['scrapy.spidermiddlewares.httperror.HttpErrorMiddleware',
 'scrapy.spidermiddlewares.offsite.OffsiteMiddleware',
 'scrapy.spidermiddlewares.referer.RefererMiddleware',
 'scrapy.spidermiddlewares.urllength.UrlLengthMiddleware',
 'scrapy.spidermiddlewares.depth.DepthMiddleware']
2018-12-28 16:12:31 [scrapy.middleware] INFO: Enabled item pipelines:
['autohomeForum.pipelines.AutohomeforumPipeline']
2018-12-28 16:12:31 [scrapy.core.engine] INFO: Spider opened
2018-12-28 16:12:31 [scrapy.extensions.logstats] INFO: Crawled 0 pages (at 0 pages/min), scraped 0 items (at 0 items/min)
2018-12-28 16:12:31 [scrapy.extensions.telnet] DEBUG: Telnet console listening on 127.0.0.1:6023
2018-12-28 18:14:24 [scrapy.utils.log] INFO: Scrapy 1.3.3 started (bot: autohomeForum)
2018-12-28 18:14:24 [scrapy.utils.log] INFO: Overridden settings: {'BOT_NAME': 'autohomeForum', 'DOWNLOAD_DELAY': 5, 'DUPEFILTER_CLASS': 'scrapy_splash.SplashAwareDupeFilter', 'HTTPCACHE_STORAGE': 'scrapy_splash.SplashAwareFSCacheStorage', 'LOG_FILE': './log/forumSpider_2018_12_28.log', 'NEWSPIDER_MODULE': 'autohomeForum.spiders', 'SPIDER_MODULES': ['autohomeForum.spiders'], 'USER_AGENT': 'Mozilla/5.0 (Windows NT 10.0; Win64; x64) AppleWebKit/537.36 (KHTML, like Gecko) Chrome/69.0.3497.100 Safari/537.36'}
2018-12-28 18:14:24 [scrapy.middleware] INFO: Enabled extensions:
['scrapy.extensions.corestats.CoreStats',
 'scrapy.extensions.telnet.TelnetConsole',
 'scrapy.extensions.logstats.LogStats']
2018-12-28 18:14:24 [scrapy.middleware] INFO: Enabled downloader middlewares:
['autohomeForum.middlewares.ABProxyMiddleware',
 'scrapy.downloadermiddlewares.httpauth.HttpAuthMiddleware',
 'scrapy.downloadermiddlewares.downloadtimeout.DownloadTimeoutMiddleware',
 'scrapy.downloadermiddlewares.defaultheaders.DefaultHeadersMiddleware',
 'scrapy.downloadermiddlewares.useragent.UserAgentMiddleware',
 'autohomeForum.middlewares.RandomUserAgentMiddleware',
 'autohomeForum.middlewares.MyRetryMiddleware',
 'scrapy.downloadermiddlewares.redirect.MetaRefreshMiddleware',
 'scrapy.downloadermiddlewares.redirect.RedirectMiddleware',
 'scrapy.downloadermiddlewares.cookies.CookiesMiddleware',
 'scrapy_splash.SplashCookiesMiddleware',
 'scrapy_splash.SplashMiddleware',
 'scrapy.downloadermiddlewares.httpproxy.HttpProxyMiddleware',
 'scrapy.downloadermiddlewares.httpcompression.HttpCompressionMiddleware',
 'scrapy.downloadermiddlewares.stats.DownloaderStats']
2018-12-28 18:14:24 [scrapy.middleware] INFO: Enabled spider middlewares:
['scrapy.spidermiddlewares.httperror.HttpErrorMiddleware',
 'scrapy.spidermiddlewares.offsite.OffsiteMiddleware',
 'scrapy.spidermiddlewares.referer.RefererMiddleware',
 'scrapy.spidermiddlewares.urllength.UrlLengthMiddleware',
 'scrapy.spidermiddlewares.depth.DepthMiddleware']
2018-12-28 18:14:24 [scrapy.middleware] INFO: Enabled item pipelines:
['autohomeForum.pipelines.AutohomeforumPipeline']
2018-12-28 18:14:24 [scrapy.core.engine] INFO: Spider opened
2018-12-28 18:14:24 [scrapy.extensions.logstats] INFO: Crawled 0 pages (at 0 pages/min), scraped 0 items (at 0 items/min)
2018-12-28 18:14:24 [scrapy.extensions.telnet] DEBUG: Telnet console listening on 127.0.0.1:6023
2018-12-28 18:14:33 [scrapy.core.engine] DEBUG: Crawled (200) <GET https://club.autohome.com.cn/bbs/forum-c-4080-1.html via http://172.20.206.28:8050/render.html> (referer: None)
2018-12-28 18:14:33 [root] WARNING: 4080的78339520已经保存
2018-12-28 18:14:33 [root] WARNING: 4080的78335636已经保存
2018-12-28 18:14:33 [root] WARNING: 4080的78212797已经保存
2018-12-28 18:14:33 [root] WARNING: 4080的78256063已经保存
2018-12-28 18:14:33 [root] WARNING: 4080的78266032已经保存
2018-12-28 18:14:33 [root] WARNING: 4080的75047005已经保存
2018-12-28 18:14:33 [root] WARNING: 4080的78375949已经保存
2018-12-28 18:14:33 [root] WARNING: 4080的78365282已经保存
2018-12-28 18:14:33 [root] WARNING: 4080的78376753已经保存
2018-12-28 18:14:33 [root] WARNING: 4080的78374932已经保存
2018-12-28 18:14:33 [root] WARNING: 4080的78355235已经保存
2018-12-28 18:14:33 [root] WARNING: 4080的78376372已经保存
2018-12-28 18:14:33 [root] WARNING: 4080的78335636已经保存
2018-12-28 18:14:33 [root] WARNING: 4080的65030917已经保存
2018-12-28 18:14:33 [root] WARNING: 4080的78320919已经保存
2018-12-28 18:14:33 [root] WARNING: 4080的78372210已经保存
2018-12-28 18:14:33 [root] WARNING: 4080的78365088已经保存
2018-12-28 18:14:33 [root] WARNING: 4080的78253255已经保存
2018-12-28 18:14:33 [root] WARNING: 4080的78256063已经保存
2018-12-28 18:14:33 [root] WARNING: 4080的78370835已经保存
2018-12-28 18:14:33 [root] WARNING: 4080的75698103已经保存
2018-12-28 18:14:34 [root] WARNING: 4080的78372767已经保存
2018-12-28 18:14:34 [root] WARNING: 4080的78376157已经保存
2018-12-28 18:14:34 [root] WARNING: 4080的78369614已经保存
2018-12-28 18:14:34 [root] WARNING: 4080的78370884已经保存
2018-12-28 18:14:34 [root] WARNING: 4080的78363557已经保存
2018-12-28 18:14:34 [root] WARNING: 4080的78375943已经保存
2018-12-28 18:14:34 [root] WARNING: 4080的78375912已经保存
2018-12-28 18:14:34 [root] WARNING: 4080的78375901已经保存
2018-12-28 18:14:34 [root] WARNING: 4080的78375876已经保存
2018-12-28 18:14:34 [root] WARNING: 4080的78375799已经保存
2018-12-28 18:14:34 [root] WARNING: 4080的78375620已经保存
2018-12-28 18:14:34 [root] WARNING: 4080的78374652已经保存
2018-12-28 18:14:34 [root] WARNING: 4080的78375374已经保存
2018-12-28 18:14:34 [root] WARNING: 4080的78351965已经保存
2018-12-28 18:14:34 [root] WARNING: 4080的78327680已经保存
2018-12-28 18:14:34 [root] WARNING: 4080的78371849已经保存
2018-12-28 18:14:34 [root] WARNING: 4080的78369858已经保存
2018-12-28 18:14:34 [root] WARNING: 4080的78372244已经保存
2018-12-28 18:14:34 [root] WARNING: 4080的77293890已经保存
2018-12-28 18:14:34 [root] WARNING: 4080的78372689已经保存
2018-12-28 18:14:34 [root] WARNING: 4080的78374853已经保存
2018-12-28 18:14:34 [root] WARNING: 4080的78374715已经保存
2018-12-28 18:14:34 [root] WARNING: 4080的78067559已经保存
2018-12-28 18:14:34 [root] WARNING: 4080的78374794已经保存
2018-12-28 18:14:34 [root] WARNING: 4080的78364698已经保存
2018-12-28 18:14:34 [root] WARNING: 4080的78374643已经保存
2018-12-28 18:14:34 [root] WARNING: 4080的78374518已经保存
2018-12-28 18:14:34 [root] WARNING: 4080的78368270已经保存
2018-12-28 18:14:34 [root] WARNING: 4080的78374360已经保存
2018-12-28 18:14:34 [root] WARNING: 4080的77900128已经保存
2018-12-28 18:14:34 [root] WARNING: 4080的78370452已经保存
2018-12-28 18:14:34 [root] WARNING: 4080的78374114已经保存
2018-12-28 18:14:34 [root] WARNING: 4080的78368898已经保存
2018-12-28 18:14:34 [root] WARNING: 4080的78188786已经保存
2018-12-28 18:14:34 [root] WARNING: 4080的78373827已经保存
2018-12-28 18:14:34 [root] WARNING: 4080的78342858已经保存
2018-12-28 18:14:34 [root] WARNING: 4080的78083462已经保存
2018-12-28 18:14:35 [root] WARNING: 4080的78117863已经保存
2018-12-28 18:14:35 [root] WARNING: 4080的78360457已经保存
2018-12-28 18:14:35 [root] WARNING: 4080的78365463已经保存
2018-12-28 18:14:35 [root] WARNING: 4080的78370911已经保存
2018-12-28 18:14:35 [root] WARNING: 4080的78338637已经保存
2018-12-28 18:14:35 [root] WARNING: 4080的78001685已经保存
2018-12-28 18:14:35 [root] WARNING: 4080的78369345已经保存
2018-12-28 18:14:35 [root] WARNING: 4080的78353289已经保存
2018-12-28 18:14:35 [root] WARNING: 4080的78361369已经保存
2018-12-28 18:14:35 [root] WARNING: 4080的78365408已经保存
2018-12-28 18:14:35 [root] WARNING: 4080的78309943已经保存
2018-12-28 18:14:35 [root] WARNING: 4080的78366228已经保存
2018-12-28 18:14:35 [root] WARNING: 4080的78372348已经保存
2018-12-28 18:14:35 [root] WARNING: 4080的78370482已经保存
2018-12-28 18:14:35 [root] WARNING: 4080的78371485已经保存
2018-12-28 18:14:35 [root] WARNING: 4080的78363657已经保存
2018-12-28 18:14:35 [root] WARNING: 4080的75385990已经保存
2018-12-28 18:14:35 [root] WARNING: 4080的78336798已经保存
2018-12-28 18:14:35 [root] WARNING: 4080的78366470已经保存
2018-12-28 18:14:35 [root] WARNING: 4080的78364958已经保存
2018-12-28 18:14:35 [root] WARNING: 4080的78366747已经保存
2018-12-28 18:14:35 [root] WARNING: 4080的78341281已经保存
2018-12-28 18:14:35 [root] WARNING: 4080的78321565已经保存
2018-12-28 18:14:35 [root] WARNING: 4080的78268941已经保存
2018-12-28 18:14:35 [root] WARNING: 4080的78367908已经保存
2018-12-28 18:14:35 [root] WARNING: 4080的78340213已经保存
2018-12-28 18:14:35 [root] WARNING: 4080的78363631已经保存
2018-12-28 18:14:35 [root] WARNING: 4080的78369052已经保存
2018-12-28 18:14:35 [root] WARNING: 4080的78337346已经保存
2018-12-28 18:14:35 [root] WARNING: 4080的78369047已经保存
2018-12-28 18:14:35 [root] WARNING: 4080的77090313已经保存
2018-12-28 18:14:35 [root] WARNING: 4080的78370176已经保存
2018-12-28 18:14:35 [root] WARNING: 4080的78364869已经保存
2018-12-28 18:14:35 [root] WARNING: 4080的78369017已经保存
2018-12-28 18:14:35 [root] WARNING: 4080的78360687已经保存
2018-12-28 18:14:35 [root] WARNING: 4080的78368659已经保存
2018-12-28 18:14:35 [root] WARNING: 4080的78368526已经保存
2018-12-28 18:14:35 [root] WARNING: 4080的78363484已经保存
2018-12-28 18:14:36 [root] WARNING: 4080的66213339已经保存
2018-12-28 18:14:36 [root] WARNING: 4080的78301402已经保存
2018-12-28 18:14:36 [root] WARNING: 4080的78367971已经保存
2018-12-28 18:14:36 [root] WARNING: 4080的78344817已经保存
2018-12-28 18:14:36 [root] WARNING: 4080的78363102已经保存
2018-12-28 18:14:36 [root] WARNING: 4080的77991995已经保存
2018-12-28 18:14:36 [root] WARNING: 4080的77899828已经保存
2018-12-28 18:14:36 [root] WARNING: 4080的78320658已经保存
2018-12-28 19:03:21 [scrapy.utils.log] INFO: Scrapy 1.3.3 started (bot: autohomeForum)
2018-12-28 19:03:21 [scrapy.utils.log] INFO: Overridden settings: {'BOT_NAME': 'autohomeForum', 'DOWNLOAD_DELAY': 5, 'DUPEFILTER_CLASS': 'scrapy_splash.SplashAwareDupeFilter', 'HTTPCACHE_STORAGE': 'scrapy_splash.SplashAwareFSCacheStorage', 'LOG_FILE': './log/forumSpider_2018_12_28.log', 'NEWSPIDER_MODULE': 'autohomeForum.spiders', 'SPIDER_MODULES': ['autohomeForum.spiders'], 'USER_AGENT': 'Mozilla/5.0 (Windows NT 10.0; Win64; x64) AppleWebKit/537.36 (KHTML, like Gecko) Chrome/69.0.3497.100 Safari/537.36'}
2018-12-28 19:03:21 [scrapy.middleware] INFO: Enabled extensions:
['scrapy.extensions.corestats.CoreStats',
 'scrapy.extensions.telnet.TelnetConsole',
 'scrapy.extensions.logstats.LogStats']
2018-12-28 19:03:21 [scrapy.middleware] INFO: Enabled downloader middlewares:
['autohomeForum.middlewares.ABProxyMiddleware',
 'scrapy.downloadermiddlewares.httpauth.HttpAuthMiddleware',
 'scrapy.downloadermiddlewares.downloadtimeout.DownloadTimeoutMiddleware',
 'scrapy.downloadermiddlewares.defaultheaders.DefaultHeadersMiddleware',
 'scrapy.downloadermiddlewares.useragent.UserAgentMiddleware',
 'autohomeForum.middlewares.RandomUserAgentMiddleware',
 'autohomeForum.middlewares.MyRetryMiddleware',
 'scrapy.downloadermiddlewares.redirect.MetaRefreshMiddleware',
 'scrapy.downloadermiddlewares.redirect.RedirectMiddleware',
 'scrapy.downloadermiddlewares.cookies.CookiesMiddleware',
 'scrapy_splash.SplashCookiesMiddleware',
 'scrapy_splash.SplashMiddleware',
 'scrapy.downloadermiddlewares.httpproxy.HttpProxyMiddleware',
 'scrapy.downloadermiddlewares.httpcompression.HttpCompressionMiddleware',
 'scrapy.downloadermiddlewares.stats.DownloaderStats']
2018-12-28 19:03:21 [scrapy.middleware] INFO: Enabled spider middlewares:
['scrapy.spidermiddlewares.httperror.HttpErrorMiddleware',
 'scrapy.spidermiddlewares.offsite.OffsiteMiddleware',
 'scrapy.spidermiddlewares.referer.RefererMiddleware',
 'scrapy.spidermiddlewares.urllength.UrlLengthMiddleware',
 'scrapy.spidermiddlewares.depth.DepthMiddleware']
2018-12-28 19:03:21 [scrapy.middleware] INFO: Enabled item pipelines:
['autohomeForum.pipelines.AutohomeforumPipeline']
2018-12-28 19:03:21 [scrapy.core.engine] INFO: Spider opened
2018-12-28 19:03:21 [scrapy.extensions.logstats] INFO: Crawled 0 pages (at 0 pages/min), scraped 0 items (at 0 items/min)
2018-12-28 19:03:21 [scrapy.extensions.telnet] DEBUG: Telnet console listening on 127.0.0.1:6023
