2018-11-16 10:08:43 [scrapy.utils.log] INFO: Scrapy 1.5.0 started (bot: autohomeForum)
2018-11-16 10:08:43 [scrapy.utils.log] INFO: Versions: lxml 4.2.0.0, libxml2 2.9.5, cssselect 1.0.3, parsel 1.4.0, w3lib 1.19.0, Twisted 17.9.0, Python 3.6.4 (v3.6.4:d48eceb, Dec 19 2017, 06:54:40) [MSC v.1900 64 bit (AMD64)], pyOpenSSL 17.5.0 (OpenSSL 1.1.0g  2 Nov 2017), cryptography 2.2.1, Platform Windows-7-6.1.7601-SP1
2018-11-16 10:08:43 [scrapy.crawler] INFO: Overridden settings: {'BOT_NAME': 'autohomeForum', 'DOWNLOAD_DELAY': 60, 'DUPEFILTER_CLASS': 'scrapy_splash.SplashAwareDupeFilter', 'HTTPCACHE_STORAGE': 'scrapy_splash.SplashAwareFSCacheStorage', 'LOG_FILE': './log/koubeiSpider_2018_11_16.log', 'NEWSPIDER_MODULE': 'autohomeForum.spiders', 'SPIDER_MODULES': ['autohomeForum.spiders'], 'USER_AGENT': 'Mozilla/5.0 (Windows NT 10.0; Win64; x64) AppleWebKit/537.36 (KHTML, like Gecko) Chrome/69.0.3497.100 Safari/537.36'}
2018-11-16 10:08:43 [scrapy.middleware] INFO: Enabled extensions:
['scrapy.extensions.corestats.CoreStats',
 'scrapy.extensions.telnet.TelnetConsole',
 'scrapy.extensions.logstats.LogStats']
2018-11-16 10:08:44 [scrapy.middleware] INFO: Enabled downloader middlewares:
['scrapy.downloadermiddlewares.httpauth.HttpAuthMiddleware',
 'scrapy.downloadermiddlewares.downloadtimeout.DownloadTimeoutMiddleware',
 'scrapy.downloadermiddlewares.defaultheaders.DefaultHeadersMiddleware',
 'scrapy.downloadermiddlewares.useragent.UserAgentMiddleware',
 'autohomeForum.middlewares.RandomUserAgentMiddleware',
 'autohomeForum.middlewares.MyRetryMiddleware',
 'scrapy.downloadermiddlewares.redirect.MetaRefreshMiddleware',
 'scrapy.downloadermiddlewares.redirect.RedirectMiddleware',
 'scrapy.downloadermiddlewares.cookies.CookiesMiddleware',
 'scrapy_splash.SplashCookiesMiddleware',
 'scrapy_splash.SplashMiddleware',
 'scrapy.downloadermiddlewares.httpproxy.HttpProxyMiddleware',
 'scrapy.downloadermiddlewares.httpcompression.HttpCompressionMiddleware',
 'scrapy.downloadermiddlewares.stats.DownloaderStats']
2018-11-16 10:08:44 [scrapy.middleware] INFO: Enabled spider middlewares:
['scrapy.spidermiddlewares.httperror.HttpErrorMiddleware',
 'scrapy.spidermiddlewares.offsite.OffsiteMiddleware',
 'scrapy.spidermiddlewares.referer.RefererMiddleware',
 'scrapy.spidermiddlewares.urllength.UrlLengthMiddleware',
 'scrapy.spidermiddlewares.depth.DepthMiddleware']
2018-11-16 10:08:44 [scrapy.middleware] INFO: Enabled item pipelines:
['autohomeForum.pipelines.AutohomeforumPipeline']
2018-11-16 10:08:44 [scrapy.core.engine] INFO: Spider opened
2018-11-16 10:08:44 [scrapy.extensions.logstats] INFO: Crawled 0 pages (at 0 pages/min), scraped 0 items (at 0 items/min)
2018-11-16 10:08:44 [scrapy.extensions.telnet] DEBUG: Telnet console listening on 127.0.0.1:6023
2018-11-16 10:08:56 [scrapy.core.engine] DEBUG: Crawled (200) <GET https://club.autohome.com.cn/bbs/forum-c-4871-1.html via http://172.20.206.28:8050/render.html> (referer: None)
